This is pdfTeX, Version 3.14159265-2.6-1.40.18 (MiKTeX 2.9.6500 64-bit) (preloaded format=pdflatex 2019.8.20)  16 OCT 2019 14:31
entering extended mode
**D:/UofA/W2/Slides/W2.beamer.tex
(D:/UofA/W2/Slides/W2.beamer.tex
LaTeX2e <2017-04-15>
Babel <3.15> and hyphenation patterns for 75 language(s) loaded.
("C:\Program Files\MiKTeX 2.9\tex\latex\beamer\beamer.cls"
Document Class: beamer 2018/02/20 v3.50 A class for typesetting presentations
("C:\Program Files\MiKTeX 2.9\tex\latex\beamer\beamerbasemodes.sty"
(C:\Users\sharo\AppData\Roaming\MiKTeX\2.9\tex\latex\etoolbox\etoolbox.sty
Package: etoolbox 2018/08/19 v2.5f e-TeX tools for LaTeX (JAW)
\etb@tempcnta=\count79
)
\beamer@tempbox=\box26
\beamer@tempcount=\count80
\c@beamerpauses=\count81

("C:\Program Files\MiKTeX 2.9\tex\latex\beamer\beamerbasedecode.sty"
\beamer@slideinframe=\count82
\beamer@minimum=\count83
)
\beamer@commentbox=\box27
\beamer@modecount=\count84
)
("C:\Program Files\MiKTeX 2.9\tex\generic\oberdiek\ifpdf.sty"
Package: ifpdf 2017/03/15 v3.2 Provides the ifpdf switch
)
\headdp=\dimen102
\footheight=\dimen103
\sidebarheight=\dimen104
\beamer@tempdim=\dimen105
\beamer@finalheight=\dimen106
\beamer@animht=\dimen107
\beamer@animdp=\dimen108
\beamer@animwd=\dimen109
\beamer@leftmargin=\dimen110
\beamer@rightmargin=\dimen111
\beamer@leftsidebar=\dimen112
\beamer@rightsidebar=\dimen113
\beamer@boxsize=\dimen114
\beamer@vboxoffset=\dimen115
\beamer@descdefault=\dimen116
\beamer@descriptionwidth=\dimen117
\beamer@lastskip=\skip41
\beamer@areabox=\box28
\beamer@animcurrent=\box29
\beamer@animshowbox=\box30
\beamer@sectionbox=\box31
\beamer@logobox=\box32
\beamer@linebox=\box33
\beamer@sectioncount=\count85
\beamer@subsubsectionmax=\count86
\beamer@subsectionmax=\count87
\beamer@sectionmax=\count88
\beamer@totalheads=\count89
\beamer@headcounter=\count90
\beamer@partstartpage=\count91
\beamer@sectionstartpage=\count92
\beamer@subsectionstartpage=\count93
\beamer@animationtempa=\count94
\beamer@animationtempb=\count95
\beamer@xpos=\count96
\beamer@ypos=\count97
\beamer@ypos@offset=\count98
\beamer@showpartnumber=\count99
\beamer@currentsubsection=\count100
\beamer@coveringdepth=\count101
\beamer@sectionadjust=\count102
\beamer@tocsectionnumber=\count103

("C:\Program Files\MiKTeX 2.9\tex\latex\beamer\beamerbaseoptions.sty"
("C:\Program Files\MiKTeX 2.9\tex\latex\graphics\keyval.sty"
Package: keyval 2014/10/28 v1.15 key=value parser (DPC)
\KV@toks@=\toks14
))
\beamer@paperwidth=\skip42
\beamer@paperheight=\skip43

("C:\Program Files\MiKTeX 2.9\tex\latex\geometry\geometry.sty"
Package: geometry 2010/09/12 v5.6 Page Geometry

("C:\Program Files\MiKTeX 2.9\tex\generic\oberdiek\ifvtex.sty"
Package: ifvtex 2016/05/16 v1.6 Detect VTeX and its facilities (HO)
Package ifvtex Info: VTeX not detected.
)
("C:\Program Files\MiKTeX 2.9\tex\generic\ifxetex\ifxetex.sty"
Package: ifxetex 2010/09/12 v0.6 Provides ifxetex conditional
)
\Gm@cnth=\count104
\Gm@cntv=\count105
\c@Gm@tempcnt=\count106
\Gm@bindingoffset=\dimen118
\Gm@wd@mp=\dimen119
\Gm@odd@mp=\dimen120
\Gm@even@mp=\dimen121
\Gm@layoutwidth=\dimen122
\Gm@layoutheight=\dimen123
\Gm@layouthoffset=\dimen124
\Gm@layoutvoffset=\dimen125
\Gm@dimlist=\toks15

("C:\Program Files\MiKTeX 2.9\tex\latex\geometry\geometry.cfg"))
("C:\Program Files\MiKTeX 2.9\tex\latex\base\size11.clo"
File: size11.clo 2014/09/29 v1.4h Standard LaTeX file (size option)
)
(C:\Users\sharo\AppData\Roaming\MiKTeX\2.9\tex\latex\pgf\basiclayer\pgfcore.sty
("C:\Program Files\MiKTeX 2.9\tex\latex\graphics\graphicx.sty"
Package: graphicx 2017/06/01 v1.1a Enhanced LaTeX Graphics (DPC,SPQR)

("C:\Program Files\MiKTeX 2.9\tex\latex\graphics\graphics.sty"
Package: graphics 2017/06/25 v1.2c Standard LaTeX Graphics (DPC,SPQR)

("C:\Program Files\MiKTeX 2.9\tex\latex\graphics\trig.sty"
Package: trig 2016/01/03 v1.10 sin cos tan (DPC)
)
("C:\Program Files\MiKTeX 2.9\tex\latex\graphics-cfg\graphics.cfg"
File: graphics.cfg 2016/06/04 v1.11 sample graphics configuration
)
Package graphics Info: Driver file: pdftex.def on input line 99.

("C:\Program Files\MiKTeX 2.9\tex\latex\graphics-def\pdftex.def"
File: pdftex.def 2017/12/07 v1.0i Graphics/color driver for pdftex
))
\Gin@req@height=\dimen126
\Gin@req@width=\dimen127
)
(C:\Users\sharo\AppData\Roaming\MiKTeX\2.9\tex\latex\pgf\systemlayer\pgfsys.sty
(C:\Users\sharo\AppData\Roaming\MiKTeX\2.9\tex\latex\pgf\utilities\pgfrcs.sty
(C:\Users\sharo\AppData\Roaming\MiKTeX\2.9\tex\generic\pgf\utilities\pgfutil-co
mmon.tex
\pgfutil@everybye=\toks16
\pgfutil@tempdima=\dimen128
\pgfutil@tempdimb=\dimen129

(C:\Users\sharo\AppData\Roaming\MiKTeX\2.9\tex\generic\pgf\utilities\pgfutil-co
mmon-lists.tex))
(C:\Users\sharo\AppData\Roaming\MiKTeX\2.9\tex\generic\pgf\utilities\pgfutil-la
tex.def
\pgfutil@abb=\box34
 (C:\Users\sharo\AppData\Roaming\MiKTeX\2.9\tex\latex\ms\everyshi.sty
Package: everyshi 2001/05/15 v3.00 EveryShipout Package (MS)
))
(C:\Users\sharo\AppData\Roaming\MiKTeX\2.9\tex\generic\pgf\utilities\pgfrcs.cod
e.tex
(C:\Users\sharo\AppData\Roaming\MiKTeX\2.9\tex\generic\pgf\pgf.revision.tex)
Package: pgfrcs 2019/08/03 v3.1.4b (3.1.4b)
))
(C:\Users\sharo\AppData\Roaming\MiKTeX\2.9\tex\generic\pgf\systemlayer\pgfsys.c
ode.tex
Package: pgfsys 2019/08/03 v3.1.4b (3.1.4b)

(C:\Users\sharo\AppData\Roaming\MiKTeX\2.9\tex\generic\pgf\utilities\pgfkeys.co
de.tex
\pgfkeys@pathtoks=\toks17
\pgfkeys@temptoks=\toks18

(C:\Users\sharo\AppData\Roaming\MiKTeX\2.9\tex\generic\pgf\utilities\pgfkeysfil
tered.code.tex
\pgfkeys@tmptoks=\toks19
))
\pgf@x=\dimen130
\pgf@y=\dimen131
\pgf@xa=\dimen132
\pgf@ya=\dimen133
\pgf@xb=\dimen134
\pgf@yb=\dimen135
\pgf@xc=\dimen136
\pgf@yc=\dimen137
\pgf@xd=\dimen138
\pgf@yd=\dimen139
\w@pgf@writea=\write3
\r@pgf@reada=\read1
\c@pgf@counta=\count107
\c@pgf@countb=\count108
\c@pgf@countc=\count109
\c@pgf@countd=\count110
\t@pgf@toka=\toks20
\t@pgf@tokb=\toks21
\t@pgf@tokc=\toks22
\pgf@sys@id@count=\count111

(C:\Users\sharo\AppData\Roaming\MiKTeX\2.9\tex\generic\pgf\systemlayer\pgf.cfg
File: pgf.cfg 2019/08/03 v3.1.4b (3.1.4b)
)
Driver file for pgf: pgfsys-pdftex.def

(C:\Users\sharo\AppData\Roaming\MiKTeX\2.9\tex\generic\pgf\systemlayer\pgfsys-p
dftex.def
File: pgfsys-pdftex.def 2019/08/03 v3.1.4b (3.1.4b)

(C:\Users\sharo\AppData\Roaming\MiKTeX\2.9\tex\generic\pgf\systemlayer\pgfsys-c
ommon-pdf.def
File: pgfsys-common-pdf.def 2019/08/03 v3.1.4b (3.1.4b)
)))
(C:\Users\sharo\AppData\Roaming\MiKTeX\2.9\tex\generic\pgf\systemlayer\pgfsysso
ftpath.code.tex
File: pgfsyssoftpath.code.tex 2019/08/03 v3.1.4b (3.1.4b)
\pgfsyssoftpath@smallbuffer@items=\count112
\pgfsyssoftpath@bigbuffer@items=\count113
)
(C:\Users\sharo\AppData\Roaming\MiKTeX\2.9\tex\generic\pgf\systemlayer\pgfsyspr
otocol.code.tex
File: pgfsysprotocol.code.tex 2019/08/03 v3.1.4b (3.1.4b)
)) ("C:\Program Files\MiKTeX 2.9\tex\latex\xcolor\xcolor.sty"
Package: xcolor 2016/05/11 v2.12 LaTeX color extensions (UK)

("C:\Program Files\MiKTeX 2.9\tex\latex\graphics-cfg\color.cfg"
File: color.cfg 2016/01/02 v1.6 sample color configuration
)
Package xcolor Info: Driver file: pdftex.def on input line 225.
Package xcolor Info: Model `cmy' substituted by `cmy0' on input line 1348.
Package xcolor Info: Model `hsb' substituted by `rgb' on input line 1352.
Package xcolor Info: Model `RGB' extended on input line 1364.
Package xcolor Info: Model `HTML' substituted by `rgb' on input line 1366.
Package xcolor Info: Model `Hsb' substituted by `hsb' on input line 1367.
Package xcolor Info: Model `tHsb' substituted by `hsb' on input line 1368.
Package xcolor Info: Model `HSB' substituted by `hsb' on input line 1369.
Package xcolor Info: Model `Gray' substituted by `gray' on input line 1370.
Package xcolor Info: Model `wave' substituted by `hsb' on input line 1371.
)
(C:\Users\sharo\AppData\Roaming\MiKTeX\2.9\tex\generic\pgf\basiclayer\pgfcore.c
ode.tex
Package: pgfcore 2019/08/03 v3.1.4b (3.1.4b)

(C:\Users\sharo\AppData\Roaming\MiKTeX\2.9\tex\generic\pgf\math\pgfmath.code.te
x
(C:\Users\sharo\AppData\Roaming\MiKTeX\2.9\tex\generic\pgf\math\pgfmathcalc.cod
e.tex
(C:\Users\sharo\AppData\Roaming\MiKTeX\2.9\tex\generic\pgf\math\pgfmathutil.cod
e.tex)
(C:\Users\sharo\AppData\Roaming\MiKTeX\2.9\tex\generic\pgf\math\pgfmathparser.c
ode.tex
\pgfmath@dimen=\dimen140
\pgfmath@count=\count114
\pgfmath@box=\box35
\pgfmath@toks=\toks23
\pgfmath@stack@operand=\toks24
\pgfmath@stack@operation=\toks25
)
(C:\Users\sharo\AppData\Roaming\MiKTeX\2.9\tex\generic\pgf\math\pgfmathfunction
s.code.tex
(C:\Users\sharo\AppData\Roaming\MiKTeX\2.9\tex\generic\pgf\math\pgfmathfunction
s.basic.code.tex)
(C:\Users\sharo\AppData\Roaming\MiKTeX\2.9\tex\generic\pgf\math\pgfmathfunction
s.trigonometric.code.tex)
(C:\Users\sharo\AppData\Roaming\MiKTeX\2.9\tex\generic\pgf\math\pgfmathfunction
s.random.code.tex)
(C:\Users\sharo\AppData\Roaming\MiKTeX\2.9\tex\generic\pgf\math\pgfmathfunction
s.comparison.code.tex)
(C:\Users\sharo\AppData\Roaming\MiKTeX\2.9\tex\generic\pgf\math\pgfmathfunction
s.base.code.tex)
(C:\Users\sharo\AppData\Roaming\MiKTeX\2.9\tex\generic\pgf\math\pgfmathfunction
s.round.code.tex)
(C:\Users\sharo\AppData\Roaming\MiKTeX\2.9\tex\generic\pgf\math\pgfmathfunction
s.misc.code.tex)
(C:\Users\sharo\AppData\Roaming\MiKTeX\2.9\tex\generic\pgf\math\pgfmathfunction
s.integerarithmetics.code.tex)))
(C:\Users\sharo\AppData\Roaming\MiKTeX\2.9\tex\generic\pgf\math\pgfmathfloat.co
de.tex
\c@pgfmathroundto@lastzeros=\count115
))
(C:\Users\sharo\AppData\Roaming\MiKTeX\2.9\tex\generic\pgf\math\pgfint.code.tex
)
(C:\Users\sharo\AppData\Roaming\MiKTeX\2.9\tex\generic\pgf\basiclayer\pgfcorepo
ints.code.tex
File: pgfcorepoints.code.tex 2019/08/03 v3.1.4b (3.1.4b)
\pgf@picminx=\dimen141
\pgf@picmaxx=\dimen142
\pgf@picminy=\dimen143
\pgf@picmaxy=\dimen144
\pgf@pathminx=\dimen145
\pgf@pathmaxx=\dimen146
\pgf@pathminy=\dimen147
\pgf@pathmaxy=\dimen148
\pgf@xx=\dimen149
\pgf@xy=\dimen150
\pgf@yx=\dimen151
\pgf@yy=\dimen152
\pgf@zx=\dimen153
\pgf@zy=\dimen154
)
(C:\Users\sharo\AppData\Roaming\MiKTeX\2.9\tex\generic\pgf\basiclayer\pgfcorepa
thconstruct.code.tex
File: pgfcorepathconstruct.code.tex 2019/08/03 v3.1.4b (3.1.4b)
\pgf@path@lastx=\dimen155
\pgf@path@lasty=\dimen156
)
(C:\Users\sharo\AppData\Roaming\MiKTeX\2.9\tex\generic\pgf\basiclayer\pgfcorepa
thusage.code.tex
File: pgfcorepathusage.code.tex 2019/08/03 v3.1.4b (3.1.4b)
\pgf@shorten@end@additional=\dimen157
\pgf@shorten@start@additional=\dimen158
)
(C:\Users\sharo\AppData\Roaming\MiKTeX\2.9\tex\generic\pgf\basiclayer\pgfcoresc
opes.code.tex
File: pgfcorescopes.code.tex 2019/08/03 v3.1.4b (3.1.4b)
\pgfpic=\box36
\pgf@hbox=\box37
\pgf@layerbox@main=\box38
\pgf@picture@serial@count=\count116
)
(C:\Users\sharo\AppData\Roaming\MiKTeX\2.9\tex\generic\pgf\basiclayer\pgfcoregr
aphicstate.code.tex
File: pgfcoregraphicstate.code.tex 2019/08/03 v3.1.4b (3.1.4b)
\pgflinewidth=\dimen159
)
(C:\Users\sharo\AppData\Roaming\MiKTeX\2.9\tex\generic\pgf\basiclayer\pgfcoretr
ansformations.code.tex
File: pgfcoretransformations.code.tex 2019/08/03 v3.1.4b (3.1.4b)
\pgf@pt@x=\dimen160
\pgf@pt@y=\dimen161
\pgf@pt@temp=\dimen162
)
(C:\Users\sharo\AppData\Roaming\MiKTeX\2.9\tex\generic\pgf\basiclayer\pgfcorequ
ick.code.tex
File: pgfcorequick.code.tex 2019/08/03 v3.1.4b (3.1.4b)
)
(C:\Users\sharo\AppData\Roaming\MiKTeX\2.9\tex\generic\pgf\basiclayer\pgfcoreob
jects.code.tex
File: pgfcoreobjects.code.tex 2019/08/03 v3.1.4b (3.1.4b)
)
(C:\Users\sharo\AppData\Roaming\MiKTeX\2.9\tex\generic\pgf\basiclayer\pgfcorepa
thprocessing.code.tex
File: pgfcorepathprocessing.code.tex 2019/08/03 v3.1.4b (3.1.4b)
)
(C:\Users\sharo\AppData\Roaming\MiKTeX\2.9\tex\generic\pgf\basiclayer\pgfcorear
rows.code.tex
File: pgfcorearrows.code.tex 2019/08/03 v3.1.4b (3.1.4b)
\pgfarrowsep=\dimen163
)
(C:\Users\sharo\AppData\Roaming\MiKTeX\2.9\tex\generic\pgf\basiclayer\pgfcoresh
ade.code.tex
File: pgfcoreshade.code.tex 2019/08/03 v3.1.4b (3.1.4b)
\pgf@max=\dimen164
\pgf@sys@shading@range@num=\count117
\pgf@shadingcount=\count118
)
(C:\Users\sharo\AppData\Roaming\MiKTeX\2.9\tex\generic\pgf\basiclayer\pgfcoreim
age.code.tex
File: pgfcoreimage.code.tex 2019/08/03 v3.1.4b (3.1.4b)

(C:\Users\sharo\AppData\Roaming\MiKTeX\2.9\tex\generic\pgf\basiclayer\pgfcoreex
ternal.code.tex
File: pgfcoreexternal.code.tex 2019/08/03 v3.1.4b (3.1.4b)
\pgfexternal@startupbox=\box39
))
(C:\Users\sharo\AppData\Roaming\MiKTeX\2.9\tex\generic\pgf\basiclayer\pgfcorela
yers.code.tex
File: pgfcorelayers.code.tex 2019/08/03 v3.1.4b (3.1.4b)
)
(C:\Users\sharo\AppData\Roaming\MiKTeX\2.9\tex\generic\pgf\basiclayer\pgfcoretr
ansparency.code.tex
File: pgfcoretransparency.code.tex 2019/08/03 v3.1.4b (3.1.4b)
)
(C:\Users\sharo\AppData\Roaming\MiKTeX\2.9\tex\generic\pgf\basiclayer\pgfcorepa
tterns.code.tex
File: pgfcorepatterns.code.tex 2019/08/03 v3.1.4b (3.1.4b)
)
(C:\Users\sharo\AppData\Roaming\MiKTeX\2.9\tex\generic\pgf\basiclayer\pgfcorerd
f.code.tex
File: pgfcorerdf.code.tex 2019/08/03 v3.1.4b (3.1.4b)
)))
(C:\Users\sharo\AppData\Roaming\MiKTeX\2.9\tex\latex\pgf\utilities\xxcolor.sty
Package: xxcolor 2003/10/24 ver 0.1
\XC@nummixins=\count119
\XC@countmixins=\count120
) ("C:\Program Files\MiKTeX 2.9\tex\generic\oberdiek\atbegshi.sty"
Package: atbegshi 2016/06/09 v1.18 At begin shipout hook (HO)

("C:\Program Files\MiKTeX 2.9\tex\generic\oberdiek\infwarerr.sty"
Package: infwarerr 2016/05/16 v1.4 Providing info/warning/error messages (HO)
)
("C:\Program Files\MiKTeX 2.9\tex\generic\oberdiek\ltxcmds.sty"
Package: ltxcmds 2016/05/16 v1.23 LaTeX kernel commands for general use (HO)
))
("C:\Program Files\MiKTeX 2.9\tex\latex\hyperref\hyperref.sty"
Package: hyperref 2017/03/14 v6.85a Hypertext links for LaTeX

("C:\Program Files\MiKTeX 2.9\tex\generic\oberdiek\hobsub-hyperref.sty"
Package: hobsub-hyperref 2016/05/16 v1.14 Bundle oberdiek, subset hyperref (HO)


("C:\Program Files\MiKTeX 2.9\tex\generic\oberdiek\hobsub-generic.sty"
Package: hobsub-generic 2016/05/16 v1.14 Bundle oberdiek, subset generic (HO)
Package: hobsub 2016/05/16 v1.14 Construct package bundles (HO)
Package hobsub Info: Skipping package `infwarerr' (already loaded).
Package hobsub Info: Skipping package `ltxcmds' (already loaded).
Package: ifluatex 2016/05/16 v1.4 Provides the ifluatex switch (HO)
Package ifluatex Info: LuaTeX not detected.
Package hobsub Info: Skipping package `ifvtex' (already loaded).
Package: intcalc 2016/05/16 v1.2 Expandable calculations with integers (HO)
Package hobsub Info: Skipping package `ifpdf' (already loaded).
Package: etexcmds 2016/05/16 v1.6 Avoid name clashes with e-TeX commands (HO)
Package etexcmds Info: Could not find \expanded.
(etexcmds)             That can mean that you are not using pdfTeX 1.50 or
(etexcmds)             that some package has redefined \expanded.
(etexcmds)             In the latter case, load this package earlier.
Package: kvsetkeys 2016/05/16 v1.17 Key value parser (HO)
Package: kvdefinekeys 2016/05/16 v1.4 Define keys (HO)
Package: pdftexcmds 2017/03/19 v0.25 Utility functions of pdfTeX for LuaTeX (HO
)
Package pdftexcmds Info: LuaTeX not detected.
Package pdftexcmds Info: \pdf@primitive is available.
Package pdftexcmds Info: \pdf@ifprimitive is available.
Package pdftexcmds Info: \pdfdraftmode found.
Package: pdfescape 2016/05/16 v1.14 Implements pdfTeX's escape features (HO)
Package: bigintcalc 2016/05/16 v1.4 Expandable calculations on big integers (HO
)
Package: bitset 2016/05/16 v1.2 Handle bit-vector datatype (HO)
Package: uniquecounter 2016/05/16 v1.3 Provide unlimited unique counter (HO)
)
Package hobsub Info: Skipping package `hobsub' (already loaded).
Package: letltxmacro 2016/05/16 v1.5 Let assignment for LaTeX macros (HO)
Package: hopatch 2016/05/16 v1.3 Wrapper for package hooks (HO)
Package: xcolor-patch 2016/05/16 xcolor patch
Package: atveryend 2016/05/16 v1.9 Hooks at the very end of document (HO)
Package hobsub Info: Skipping package `atbegshi' (already loaded).
Package: refcount 2016/05/16 v3.5 Data extraction from label references (HO)
Package: hycolor 2016/05/16 v1.8 Color options for hyperref/bookmark (HO)
)
("C:\Program Files\MiKTeX 2.9\tex\latex\oberdiek\auxhook.sty"
Package: auxhook 2016/05/16 v1.4 Hooks for auxiliary files (HO)
)
("C:\Program Files\MiKTeX 2.9\tex\latex\oberdiek\kvoptions.sty"
Package: kvoptions 2016/05/16 v3.12 Key value format for package options (HO)
)
\@linkdim=\dimen165
\Hy@linkcounter=\count121
\Hy@pagecounter=\count122

("C:\Program Files\MiKTeX 2.9\tex\latex\hyperref\pd1enc.def"
File: pd1enc.def 2017/03/14 v6.85a Hyperref: PDFDocEncoding definition (HO)
)
\Hy@SavedSpaceFactor=\count123

("C:\Program Files\MiKTeX 2.9\tex\latex\00miktex\hyperref.cfg"
File: hyperref.cfg 2002/06/06 v1.2 hyperref configuration of TeXLive
)
Package hyperref Info: Option `bookmarks' set `true' on input line 4374.
Package hyperref Info: Option `bookmarksopen' set `true' on input line 4374.
Package hyperref Info: Option `implicit' set `false' on input line 4374.
Package hyperref Info: Hyper figures OFF on input line 4498.
Package hyperref Info: Link nesting OFF on input line 4503.
Package hyperref Info: Hyper index ON on input line 4506.
Package hyperref Info: Plain pages OFF on input line 4513.
Package hyperref Info: Backreferencing OFF on input line 4518.
Package hyperref Info: Implicit mode OFF; no redefinition of LaTeX internals.
Package hyperref Info: Bookmarks ON on input line 4751.
\c@Hy@tempcnt=\count124

(C:\Users\sharo\AppData\Roaming\MiKTeX\2.9\tex\latex\url\url.sty
\Urlmuskip=\muskip10
Package: url 2013/09/16  ver 3.4  Verb mode for urls, etc.
)
LaTeX Info: Redefining \url on input line 5104.
\XeTeXLinkMargin=\dimen166
\Fld@menulength=\count125
\Field@Width=\dimen167
\Fld@charsize=\dimen168
Package hyperref Info: Hyper figures OFF on input line 6358.
Package hyperref Info: Link nesting OFF on input line 6363.
Package hyperref Info: Hyper index ON on input line 6366.
Package hyperref Info: backreferencing OFF on input line 6373.
Package hyperref Info: Link coloring OFF on input line 6378.
Package hyperref Info: Link coloring with OCG OFF on input line 6383.
Package hyperref Info: PDF/A mode OFF on input line 6388.
LaTeX Info: Redefining \ref on input line 6428.
LaTeX Info: Redefining \pageref on input line 6432.
\Hy@abspage=\count126


Package hyperref Message: Stopped early.

)

Package hyperref Message: Driver (autodetected): hpdftex.

("C:\Program Files\MiKTeX 2.9\tex\latex\hyperref\hpdftex.def"
File: hpdftex.def 2017/03/14 v6.85a Hyperref driver for pdfTeX
\Fld@listcount=\count127
\c@bookmark@seq@number=\count128

("C:\Program Files\MiKTeX 2.9\tex\latex\oberdiek\rerunfilecheck.sty"
Package: rerunfilecheck 2016/05/16 v1.8 Rerun checks for auxiliary files (HO)
Package uniquecounter Info: New unique counter `rerunfilecheck' on input line 2
82.
))
("C:\Program Files\MiKTeX 2.9\tex\latex\beamer\beamerbaserequires.sty"
("C:\Program Files\MiKTeX 2.9\tex\latex\beamer\beamerbasecompatibility.sty")
("C:\Program Files\MiKTeX 2.9\tex\latex\beamer\beamerbasefont.sty"
("C:\Program Files\MiKTeX 2.9\tex\latex\amsfonts\amssymb.sty"
Package: amssymb 2013/01/14 v3.01 AMS font symbols

("C:\Program Files\MiKTeX 2.9\tex\latex\amsfonts\amsfonts.sty"
Package: amsfonts 2013/01/14 v3.01 Basic AMSFonts support
\@emptytoks=\toks26
\symAMSa=\mathgroup4
\symAMSb=\mathgroup5
LaTeX Font Info:    Overwriting math alphabet `\mathfrak' in version `bold'
(Font)                  U/euf/m/n --> U/euf/b/n on input line 106.
))
(C:\Users\sharo\AppData\Roaming\MiKTeX\2.9\tex\latex\sansmathaccent\sansmathacc
ent.sty
Package: sansmathaccent 2013/03/28

(C:\Users\sharo\AppData\Roaming\MiKTeX\2.9\tex\latex\filehook\filehook.sty
Package: filehook 2011/10/12 v0.5d Hooks for input files
)))
("C:\Program Files\MiKTeX 2.9\tex\latex\beamer\beamerbasetranslator.sty"
(C:\Users\sharo\AppData\Roaming\MiKTeX\2.9\tex\latex\translator\translator.sty
Package: translator 2019-05-31 v1.12a Easy translation of strings in LaTeX
)) ("C:\Program Files\MiKTeX 2.9\tex\latex\beamer\beamerbasemisc.sty")
("C:\Program Files\MiKTeX 2.9\tex\latex\beamer\beamerbasetwoscreens.sty")
("C:\Program Files\MiKTeX 2.9\tex\latex\beamer\beamerbaseoverlay.sty"
\beamer@argscount=\count129
\beamer@lastskipcover=\skip44
\beamer@trivlistdepth=\count130
)
("C:\Program Files\MiKTeX 2.9\tex\latex\beamer\beamerbasetitle.sty")
("C:\Program Files\MiKTeX 2.9\tex\latex\beamer\beamerbasesection.sty"
\c@lecture=\count131
\c@part=\count132
\c@section=\count133
\c@subsection=\count134
\c@subsubsection=\count135
)
("C:\Program Files\MiKTeX 2.9\tex\latex\beamer\beamerbaseframe.sty"
\beamer@framebox=\box40
\beamer@frametitlebox=\box41
\beamer@zoombox=\box42
\beamer@zoomcount=\count136
\beamer@zoomframecount=\count137
\beamer@frametextheight=\dimen169
\c@subsectionslide=\count138
\beamer@frametopskip=\skip45
\beamer@framebottomskip=\skip46
\beamer@frametopskipautobreak=\skip47
\beamer@framebottomskipautobreak=\skip48
\beamer@envbody=\toks27
\framewidth=\dimen170
\c@framenumber=\count139
)
("C:\Program Files\MiKTeX 2.9\tex\latex\beamer\beamerbaseverbatim.sty"
\beamer@verbatimfileout=\write4
)
("C:\Program Files\MiKTeX 2.9\tex\latex\beamer\beamerbaseframesize.sty"
\beamer@splitbox=\box43
\beamer@autobreakcount=\count140
\beamer@autobreaklastheight=\dimen171
\beamer@frametitletoks=\toks28
\beamer@framesubtitletoks=\toks29
)
("C:\Program Files\MiKTeX 2.9\tex\latex\beamer\beamerbaseframecomponents.sty"
\beamer@footins=\box44
)
("C:\Program Files\MiKTeX 2.9\tex\latex\beamer\beamerbasecolor.sty"
\beamer@bg@ht=\dimen172
\beamer@bg@wd=\dimen173
\beamer@bg@dp=\dimen174
)
("C:\Program Files\MiKTeX 2.9\tex\latex\beamer\beamerbasenotes.sty"
\beamer@frameboxcopy=\box45
)
("C:\Program Files\MiKTeX 2.9\tex\latex\beamer\beamerbasetoc.sty")
("C:\Program Files\MiKTeX 2.9\tex\latex\beamer\beamerbasetemplates.sty"
\beamer@sbttoks=\toks30

("C:\Program Files\MiKTeX 2.9\tex\latex\beamer\beamerbaseauxtemplates.sty"
("C:\Program Files\MiKTeX 2.9\tex\latex\beamer\beamerbaseboxes.sty"
\bmb@box=\box46
\bmb@colorbox=\box47
\bmb@boxshadow=\box48
\bmb@boxshadowball=\box49
\bmb@boxshadowballlarge=\box50
\bmb@temp=\dimen175
\bmb@dima=\dimen176
\bmb@dimb=\dimen177
\bmb@prevheight=\dimen178
)
\beamer@blockheadheight=\dimen179
))
("C:\Program Files\MiKTeX 2.9\tex\latex\beamer\beamerbaselocalstructure.sty"
("C:\Program Files\MiKTeX 2.9\tex\latex\tools\enumerate.sty"
Package: enumerate 2015/07/23 v3.00 enumerate extensions (DPC)
\@enLab=\toks31
)
\c@figure=\count141
\c@table=\count142
\abovecaptionskip=\skip49
\belowcaptionskip=\skip50
)
("C:\Program Files\MiKTeX 2.9\tex\latex\beamer\beamerbasenavigation.sty"
\beamer@section@min@dim=\dimen180
)
("C:\Program Files\MiKTeX 2.9\tex\latex\beamer\beamerbasetheorems.sty"
("C:\Program Files\MiKTeX 2.9\tex\latex\amsmath\amsmath.sty"
Package: amsmath 2017/09/02 v2.17a AMS math features
\@mathmargin=\skip51

For additional information on amsmath, use the `?' option.
("C:\Program Files\MiKTeX 2.9\tex\latex\amsmath\amstext.sty"
Package: amstext 2000/06/29 v2.01 AMS text

("C:\Program Files\MiKTeX 2.9\tex\latex\amsmath\amsgen.sty"
File: amsgen.sty 1999/11/30 v2.0 generic functions
\@emptytoks=\toks32
\ex@=\dimen181
))
("C:\Program Files\MiKTeX 2.9\tex\latex\amsmath\amsbsy.sty"
Package: amsbsy 1999/11/29 v1.2d Bold Symbols
\pmbraise@=\dimen182
)
("C:\Program Files\MiKTeX 2.9\tex\latex\amsmath\amsopn.sty"
Package: amsopn 2016/03/08 v2.02 operator names
)
\inf@bad=\count143
LaTeX Info: Redefining \frac on input line 213.
\uproot@=\count144
\leftroot@=\count145
LaTeX Info: Redefining \overline on input line 375.
\classnum@=\count146
\DOTSCASE@=\count147
LaTeX Info: Redefining \ldots on input line 472.
LaTeX Info: Redefining \dots on input line 475.
LaTeX Info: Redefining \cdots on input line 596.
\Mathstrutbox@=\box51
\strutbox@=\box52
\big@size=\dimen183
LaTeX Font Info:    Redeclaring font encoding OML on input line 712.
LaTeX Font Info:    Redeclaring font encoding OMS on input line 713.
\macc@depth=\count148
\c@MaxMatrixCols=\count149
\dotsspace@=\muskip11
\c@parentequation=\count150
\dspbrk@lvl=\count151
\tag@help=\toks33
\row@=\count152
\column@=\count153
\maxfields@=\count154
\andhelp@=\toks34
\eqnshift@=\dimen184
\alignsep@=\dimen185
\tagshift@=\dimen186
\tagwidth@=\dimen187
\totwidth@=\dimen188
\lineht@=\dimen189
\@envbody=\toks35
\multlinegap=\skip52
\multlinetaggap=\skip53
\mathdisplay@stack=\toks36
LaTeX Info: Redefining \[ on input line 2817.
LaTeX Info: Redefining \] on input line 2818.
)
("C:\Program Files\MiKTeX 2.9\tex\latex\amscls\amsthm.sty"
Package: amsthm 2015/03/04 v2.20.2
\thm@style=\toks37
\thm@bodyfont=\toks38
\thm@headfont=\toks39
\thm@notefont=\toks40
\thm@headpunct=\toks41
\thm@preskip=\skip54
\thm@postskip=\skip55
\thm@headsep=\skip56
\dth@everypar=\toks42
)
\c@theorem=\count155
)
("C:\Program Files\MiKTeX 2.9\tex\latex\beamer\beamerbasethemes.sty"))
("C:\Program Files\MiKTeX 2.9\tex\latex\beamer\beamerthemedefault.sty"
("C:\Program Files\MiKTeX 2.9\tex\latex\beamer\beamerfontthemedefault.sty")
("C:\Program Files\MiKTeX 2.9\tex\latex\beamer\beamercolorthemedefault.sty")
("C:\Program Files\MiKTeX 2.9\tex\latex\beamer\beamerinnerthemedefault.sty"
\beamer@dima=\dimen190
\beamer@dimb=\dimen191
)
("C:\Program Files\MiKTeX 2.9\tex\latex\beamer\beamerouterthemedefault.sty")))
(W2.tex (beamerthemeFeather.sty
Package: beamerthemeFeather 2014/04/08 v1.0.0 The Feather Beamer Theme

(C:\Users\sharo\AppData\Roaming\MiKTeX\2.9\tex\latex\pgf\frontendlayer\tikz.sty
(C:\Users\sharo\AppData\Roaming\MiKTeX\2.9\tex\latex\pgf\basiclayer\pgf.sty
Package: pgf 2019/08/03 v3.1.4b (3.1.4b)

(C:\Users\sharo\AppData\Roaming\MiKTeX\2.9\tex\generic\pgf\modules\pgfmodulesha
pes.code.tex
File: pgfmoduleshapes.code.tex 2019/08/03 v3.1.4b (3.1.4b)
\pgfnodeparttextbox=\box53
)
(C:\Users\sharo\AppData\Roaming\MiKTeX\2.9\tex\generic\pgf\modules\pgfmoduleplo
t.code.tex
File: pgfmoduleplot.code.tex 2019/08/03 v3.1.4b (3.1.4b)
)
(C:\Users\sharo\AppData\Roaming\MiKTeX\2.9\tex\latex\pgf\compatibility\pgfcomp-
version-0-65.sty
Package: pgfcomp-version-0-65 2019/08/03 v3.1.4b (3.1.4b)
\pgf@nodesepstart=\dimen192
\pgf@nodesepend=\dimen193
)
(C:\Users\sharo\AppData\Roaming\MiKTeX\2.9\tex\latex\pgf\compatibility\pgfcomp-
version-1-18.sty
Package: pgfcomp-version-1-18 2019/08/03 v3.1.4b (3.1.4b)
))
(C:\Users\sharo\AppData\Roaming\MiKTeX\2.9\tex\latex\pgf\utilities\pgffor.sty
(C:\Users\sharo\AppData\Roaming\MiKTeX\2.9\tex\latex\pgf\utilities\pgfkeys.sty
(C:\Users\sharo\AppData\Roaming\MiKTeX\2.9\tex\generic\pgf\utilities\pgfkeys.co
de.tex))
(C:\Users\sharo\AppData\Roaming\MiKTeX\2.9\tex\latex\pgf\math\pgfmath.sty
(C:\Users\sharo\AppData\Roaming\MiKTeX\2.9\tex\generic\pgf\math\pgfmath.code.te
x))
(C:\Users\sharo\AppData\Roaming\MiKTeX\2.9\tex\generic\pgf\utilities\pgffor.cod
e.tex
Package: pgffor 2019/08/03 v3.1.4b (3.1.4b)

(C:\Users\sharo\AppData\Roaming\MiKTeX\2.9\tex\generic\pgf\math\pgfmath.code.te
x)
\pgffor@iter=\dimen194
\pgffor@skip=\dimen195
\pgffor@stack=\toks43
\pgffor@toks=\toks44
))
(C:\Users\sharo\AppData\Roaming\MiKTeX\2.9\tex\generic\pgf\frontendlayer\tikz\t
ikz.code.tex
Package: tikz 2019/08/03 v3.1.4b (3.1.4b)

(C:\Users\sharo\AppData\Roaming\MiKTeX\2.9\tex\generic\pgf\libraries\pgflibrary
plothandlers.code.tex
File: pgflibraryplothandlers.code.tex 2019/08/03 v3.1.4b (3.1.4b)
\pgf@plot@mark@count=\count156
\pgfplotmarksize=\dimen196
)
\tikz@lastx=\dimen197
\tikz@lasty=\dimen198
\tikz@lastxsaved=\dimen199
\tikz@lastysaved=\dimen256
\tikz@lastmovetox=\dimen257
\tikz@lastmovetoy=\dimen258
\tikzleveldistance=\dimen259
\tikzsiblingdistance=\dimen260
\tikz@figbox=\box54
\tikz@figbox@bg=\box55
\tikz@tempbox=\box56
\tikz@tempbox@bg=\box57
\tikztreelevel=\count157
\tikznumberofchildren=\count158
\tikznumberofcurrentchild=\count159
\tikz@fig@count=\count160

(C:\Users\sharo\AppData\Roaming\MiKTeX\2.9\tex\generic\pgf\modules\pgfmodulemat
rix.code.tex
File: pgfmodulematrix.code.tex 2019/08/03 v3.1.4b (3.1.4b)
\pgfmatrixcurrentrow=\count161
\pgfmatrixcurrentcolumn=\count162
\pgf@matrix@numberofcolumns=\count163
)
\tikz@expandcount=\count164

(C:\Users\sharo\AppData\Roaming\MiKTeX\2.9\tex\generic\pgf\frontendlayer\tikz\l
ibraries\tikzlibrarytopaths.code.tex
File: tikzlibrarytopaths.code.tex 2019/08/03 v3.1.4b (3.1.4b)
)))
("C:\Program Files\MiKTeX 2.9\tex\latex\tools\calc.sty"
Package: calc 2014/10/28 v4.3 Infix arithmetic (KKT,FJ)
\calc@Acount=\count165
\calc@Bcount=\count166
\calc@Adimen=\dimen261
\calc@Bdimen=\dimen262
\calc@Askip=\skip57
\calc@Bskip=\skip58
LaTeX Info: Redefining \setlength on input line 80.
LaTeX Info: Redefining \addtolength on input line 81.
\calc@Ccount=\count167
\calc@Cskip=\skip59
)
(beamerinnerthemeFeather.sty
Package: beamerinnerthemeFeather 2014/04/08 v1.0.0 The Feather Beamer Theme
) (beamerouterthemeFeather.sty
Package: beamerouterthemeFeather 2014/04/08 v1.0.0 The Feather Beamer Theme
\beamer@height=\skip60
\beamer@logoradius=\skip61
\beamer@borderwidth=\skip62
\beamer@logoinnerradius=\skip63
\beamer@logoouterradius=\skip64
\beamer@counterradius=\skip65
)
(beamercolorthemeFeather.sty
Package: beamercolorthemeFeather 2014/04/08 v1.0.0 The Feather Beamer Theme
))
("C:\Program Files\MiKTeX 2.9\tex\latex\multirow\multirow.sty"
Package: multirow 2016/11/25 v2.2 Span multiple rows of a table
\multirow@colwidth=\skip66
\multirow@cntb=\count168
\multirow@dima=\skip67
\bigstrutjot=\dimen263
)
("C:\Program Files\MiKTeX 2.9\tex\latex\graphics\epsfig.sty"
Package: epsfig 2017/06/25 v1.7b (e)psfig emulation (SPQR)
\epsfxsize=\dimen264
\epsfysize=\dimen265
)
("C:\Program Files\MiKTeX 2.9\tex\latex\tools\verbatim.sty"
Package: verbatim 2014/10/28 v1.5q LaTeX2e package for verbatim enhancements
\every@verbatim=\toks45
\verbatim@line=\toks46
\verbatim@in@stream=\read2
)
(C:\Users\sharo\AppData\Roaming\MiKTeX\2.9\tex\latex\fancyvrb\fancyvrb.sty
Package: fancyvrb 2019/01/15

Style option: `fancyvrb' v3.2a <2019/01/15> (tvz)
\FV@CodeLineNo=\count169
\FV@InFile=\read3
\FV@TabBox=\box58
\c@FancyVerbLine=\count170
\FV@StepNumber=\count171
\FV@OutFile=\write5
)
("C:\Program Files\MiKTeX 2.9\tex\latex\base\shortvrb.sty"
Package: shortvrb 2016/02/15 v2.1g Standard LaTeX documentation package (FMi)
)
(C:\Users\sharo\AppData\Roaming\MiKTeX\2.9\tex\latex\moreverb\moreverb.sty
Package: moreverb 2008/06/03 v2.3a `more' verbatim facilities
\tab@position=\count172
\tab@size=\count173
\listing@line=\count174
)
("C:\Program Files\MiKTeX 2.9\tex\latex\graphics\rotating.sty"
Package: rotating 2016/08/11 v2.16d rotated objects in LaTeX

("C:\Program Files\MiKTeX 2.9\tex\latex\base\ifthen.sty"
Package: ifthen 2014/09/29 v1.1c Standard LaTeX ifthen package (DPC)
)
\c@r@tfl@t=\count175
\rotFPtop=\skip68
\rotFPbot=\skip69
\rot@float@box=\box59
\rot@mess@toks=\toks47
)
("C:\Program Files\MiKTeX 2.9\tex\latex\psnfss\pifont.sty"
Package: pifont 2005/04/12 PSNFSS-v9.2a Pi font support (SPQR) 
LaTeX Font Info:    Try loading font information for U+pzd on input line 63.

("C:\Program Files\MiKTeX 2.9\tex\latex\psnfss\upzd.fd"
File: upzd.fd 2001/06/04 font definitions for U/pzd.
)
LaTeX Font Info:    Try loading font information for U+psy on input line 64.

("C:\Program Files\MiKTeX 2.9\tex\latex\psnfss\upsy.fd"
File: upsy.fd 2001/06/04 font definitions for U/psy.
))
(C:\Users\sharo\AppData\Roaming\MiKTeX\2.9\tex\latex\apacite\apacite.sty
Package: apacite 2013/07/21 v6.03 APA citation
\c@BibCnt=\count176
\bibleftmargin=\skip70
\bibindent=\skip71
\bibparsep=\skip72
\bibitemsep=\skip73
\biblabelsep=\skip74
)
(C:\Users\sharo\AppData\Roaming\MiKTeX\2.9\tex\latex\booktabs\booktabs.sty
Package: booktabs 2005/04/14 v1.61803 publication quality tables
\heavyrulewidth=\dimen266
\lightrulewidth=\dimen267
\cmidrulewidth=\dimen268
\belowrulesep=\dimen269
\belowbottomsep=\dimen270
\aboverulesep=\dimen271
\abovetopsep=\dimen272
\cmidrulesep=\dimen273
\cmidrulekern=\dimen274
\defaultaddspace=\dimen275
\@cmidla=\count177
\@cmidlb=\count178
\@aboverulesep=\dimen276
\@belowrulesep=\dimen277
\@thisruleclass=\count179
\@lastruleclass=\count180
\@thisrulewidth=\dimen278
)
(C:\Users\sharo\AppData\Roaming\MiKTeX\2.9\tex\latex\setspace\setspace.sty
Package: setspace 2011/12/19 v6.7a set line spacing
)
("C:\Program Files\MiKTeX 2.9\tex\latex\tools\multicol.sty"
Package: multicol 2017/04/11 v1.8q multicolumn formatting (FMi)
\c@tracingmulticols=\count181
\mult@box=\box60
\multicol@leftmargin=\dimen279
\c@unbalance=\count182
\c@collectmore=\count183
\doublecol@number=\count184
\multicoltolerance=\count185
\multicolpretolerance=\count186
\full@width=\dimen280
\page@free=\dimen281
\premulticols=\dimen282
\postmulticols=\dimen283
\multicolsep=\skip75
\multicolbaselineskip=\skip76
\partial@page=\box61
\last@line=\box62
\maxbalancingoverflow=\dimen284
\mult@rightbox=\box63
\mult@grightbox=\box64
\mult@gfirstbox=\box65
\mult@firstbox=\box66
\@tempa=\box67
\@tempa=\box68
\@tempa=\box69
\@tempa=\box70
\@tempa=\box71
\@tempa=\box72
\@tempa=\box73
\@tempa=\box74
\@tempa=\box75
\@tempa=\box76
\@tempa=\box77
\@tempa=\box78
\@tempa=\box79
\@tempa=\box80
\@tempa=\box81
\@tempa=\box82
\@tempa=\box83
\c@columnbadness=\count187
\c@finalcolumnbadness=\count188
\last@try=\dimen285
\multicolovershoot=\dimen286
\multicolundershoot=\dimen287
\mult@nat@firstbox=\box84
\colbreak@box=\box85
\mc@col@check@num=\count189
)
(C:\Users\sharo\AppData\Roaming\MiKTeX\2.9\tex\latex\wasysym\wasysym.sty
Package: wasysym 2003/10/30 v2.0 Wasy-2 symbol support package
\symwasy=\mathgroup6
LaTeX Font Info:    Overwriting symbol font `wasy' in version `bold'
(Font)                  U/wasy/m/n --> U/wasy/b/n on input line 90.
)
(C:\Users\sharo\AppData\Roaming\MiKTeX\2.9\tex\latex\colortbl\colortbl.sty
Package: colortbl 2018/12/12 v1.0d Color table columns (DPC)

("C:\Program Files\MiKTeX 2.9\tex\latex\tools\array.sty"
Package: array 2016/10/06 v2.4d Tabular extension package (FMi)
\col@sep=\dimen288
\extrarowheight=\dimen289
\NC@list=\toks48
\extratabsurround=\skip77
\backup@length=\skip78
)
\everycr=\toks49
\minrowclearance=\skip79
)
(C:\Users\sharo\AppData\Roaming\MiKTeX\2.9\tex\latex\iwona\iwona.sty
Package: iwona 2005/10/03 v.1.2 Iwona package (MW)
)
("C:\Program Files\MiKTeX 2.9\tex\latex\base\fontenc.sty"
Package: fontenc 2017/04/05 v2.0i Standard LaTeX package

("C:\Program Files\MiKTeX 2.9\tex\latex\base\t1enc.def"
File: t1enc.def 2017/04/05 v2.0i Standard LaTeX file
LaTeX Font Info:    Redeclaring font encoding T1 on input line 48.
)
LaTeX Font Info:    Try loading font information for T1+iwonal on input line 10
5.

(C:\Users\sharo\AppData\Roaming\MiKTeX\2.9\tex\latex\iwona\t1iwonal.fd
File: t1iwonal.fd 2008/07/22 v0.995 font definition file for T1/iwonal (MW)
))
("C:\Program Files\MiKTeX 2.9\tex\latex\listings\listings.sty"
\lst@mode=\count190
\lst@gtempboxa=\box86
\lst@token=\toks50
\lst@length=\count191
\lst@currlwidth=\dimen290
\lst@column=\count192
\lst@pos=\count193
\lst@lostspace=\dimen291
\lst@width=\dimen292
\lst@newlines=\count194
\lst@lineno=\count195
\lst@maxwidth=\dimen293

("C:\Program Files\MiKTeX 2.9\tex\latex\listings\lstmisc.sty"
File: lstmisc.sty 2015/06/04 1.6 (Carsten Heinz)
\c@lstnumber=\count196
\lst@skipnumbers=\count197
\lst@framebox=\box87
)
("C:\Program Files\MiKTeX 2.9\tex\latex\listings\listings.cfg"
File: listings.cfg 2015/06/04 1.6 listings configuration
))
Package: listings 2015/06/04 1.6 (Carsten Heinz)

("C:\Program Files\MiKTeX 2.9\tex\latex\beamer\beamerfontthemeprofessionalfonts
.sty") (W2.beamer.aux)
\openout1 = `W2.beamer.aux'.

LaTeX Font Info:    Checking defaults for OML/cmm/m/it on input line 56.
LaTeX Font Info:    ... okay on input line 56.
LaTeX Font Info:    Checking defaults for T1/cmr/m/n on input line 56.
LaTeX Font Info:    ... okay on input line 56.
LaTeX Font Info:    Checking defaults for OT1/cmr/m/n on input line 56.
LaTeX Font Info:    ... okay on input line 56.
LaTeX Font Info:    Checking defaults for OMS/cmsy/m/n on input line 56.
LaTeX Font Info:    ... okay on input line 56.
LaTeX Font Info:    Checking defaults for OMX/cmex/m/n on input line 56.
LaTeX Font Info:    ... okay on input line 56.
LaTeX Font Info:    Checking defaults for U/cmr/m/n on input line 56.
LaTeX Font Info:    ... okay on input line 56.
LaTeX Font Info:    Checking defaults for PD1/pdf/m/n on input line 56.
LaTeX Font Info:    ... okay on input line 56.

*geometry* driver: auto-detecting
*geometry* detected driver: pdftex
*geometry* verbose mode - [ preamble ] result:
* driver: pdftex
* paper: custom
* layout: <same size as paper>
* layoutoffset:(h,v)=(0.0pt,0.0pt)
* modes: includehead includefoot 
* h-part:(L,W,R)=(28.45274pt, 398.3386pt, 28.45274pt)
* v-part:(T,H,B)=(0.0pt, 256.0748pt, 0.0pt)
* \paperwidth=455.24408pt
* \paperheight=256.0748pt
* \textwidth=398.3386pt
* \textheight=227.62207pt
* \oddsidemargin=-43.81725pt
* \evensidemargin=-43.81725pt
* \topmargin=-72.26999pt
* \headheight=14.22636pt
* \headsep=0.0pt
* \topskip=11.0pt
* \footskip=14.22636pt
* \marginparwidth=4.0pt
* \marginparsep=10.0pt
* \columnsep=10.0pt
* \skip\footins=10.0pt plus 4.0pt minus 2.0pt
* \hoffset=0.0pt
* \voffset=0.0pt
* \mag=1000
* \@twocolumnfalse
* \@twosidefalse
* \@mparswitchfalse
* \@reversemarginfalse
* (1in=72.27pt=25.4mm, 1cm=28.453pt)

(C:\Users\sharo\AppData\Roaming\MiKTeX\2.9\tex\context\base\mkii\supp-pdf.mkii
[Loading MPS to PDF converter (version 2006.09.02).]
\scratchcounter=\count198
\scratchdimen=\dimen294
\scratchbox=\box88
\nofMPsegments=\count199
\nofMParguments=\count266
\everyMPshowfont=\toks51
\MPscratchCnt=\count267
\MPscratchDim=\dimen295
\MPnumerator=\count268
\makeMPintoPDFobject=\count269
\everyMPtoPDFconversion=\toks52
) ("C:\Program Files\MiKTeX 2.9\tex\latex\oberdiek\epstopdf-base.sty"
Package: epstopdf-base 2016/05/15 v2.6 Base part for package epstopdf

("C:\Program Files\MiKTeX 2.9\tex\latex\oberdiek\grfext.sty"
Package: grfext 2016/05/16 v1.2 Manage graphics extensions (HO)
)
Package epstopdf-base Info: Redefining graphics rule for `.eps' on input line 4
38.
Package grfext Info: Graphics extension search list:
(grfext)             [.pdf,.png,.jpg,.mps,.jpeg,.jbig2,.jb2,.PDF,.PNG,.JPG,.JPE
G,.JBIG2,.JB2,.eps]
(grfext)             \AppendGraphicsExtensions on input line 456.
)
ABD: EveryShipout initializing macros
\AtBeginShipoutBox=\box89
Package hyperref Info: Link coloring OFF on input line 56.

("C:\Program Files\MiKTeX 2.9\tex\latex\hyperref\nameref.sty"
Package: nameref 2016/05/21 v2.44 Cross-referencing by name of section

("C:\Program Files\MiKTeX 2.9\tex\generic\oberdiek\gettitlestring.sty"
Package: gettitlestring 2016/05/16 v1.5 Cleanup title references (HO)
)
\c@section@level=\count270
)
LaTeX Info: Redefining \ref on input line 56.
LaTeX Info: Redefining \pageref on input line 56.
LaTeX Info: Redefining \nameref on input line 56.

(W2.beamer.out) (W2.beamer.out)
\@outlinefile=\write6
\openout6 = `W2.beamer.out'.


(C:\Users\sharo\AppData\Roaming\MiKTeX\2.9\tex\latex\translator\translator-basi
c-dictionary-English.dict
Dictionary: translator-basic-dictionary, Language: English 
)
(C:\Users\sharo\AppData\Roaming\MiKTeX\2.9\tex\latex\translator\translator-bibl
iography-dictionary-English.dict
Dictionary: translator-bibliography-dictionary, Language: English 
)
(C:\Users\sharo\AppData\Roaming\MiKTeX\2.9\tex\latex\translator\translator-envi
ronment-dictionary-English.dict
Dictionary: translator-environment-dictionary, Language: English 
)
(C:\Users\sharo\AppData\Roaming\MiKTeX\2.9\tex\latex\translator\translator-mont
hs-dictionary-English.dict
Dictionary: translator-months-dictionary, Language: English 
)
(C:\Users\sharo\AppData\Roaming\MiKTeX\2.9\tex\latex\translator\translator-numb
ers-dictionary-English.dict
Dictionary: translator-numbers-dictionary, Language: English 
)
(C:\Users\sharo\AppData\Roaming\MiKTeX\2.9\tex\latex\translator\translator-theo
rem-dictionary-English.dict
Dictionary: translator-theorem-dictionary, Language: English 
)
\c@maskedRefs=\count271

(C:\Users\sharo\AppData\Roaming\MiKTeX\2.9\tex\latex\apacite\english.apc
File: english.apc 2013/07/21 v6.03 apacite language file
LaTeX Info: Redefining \BPBI on input line 129.
LaTeX Info: Redefining \BHBI on input line 130.
)
\c@lstlisting=\count272

(W2.beamer.nav)
<Feathergraphics/2.pdf, id=34, 508.14844pt x 472.01344pt>
File: Feathergraphics/2.pdf Graphic file (type pdf)
<use Feathergraphics/2.pdf>
Package pdftex.def Info: Feathergraphics/2.pdf  used on input line 56.
(pdftex.def)             Requested size: 37.40611pt x 34.74406pt.
Missing character: There is no ; in font nullfont!
LaTeX Font Info:    Try loading font information for U+msa on input line 64.
 ("C:\Program Files\MiKTeX 2.9\tex\latex\amsfonts\umsa.fd"
File: umsa.fd 2013/01/14 v3.01 AMS symbols A
)
LaTeX Font Info:    Try loading font information for U+msb on input line 64.

("C:\Program Files\MiKTeX 2.9\tex\latex\amsfonts\umsb.fd"
File: umsb.fd 2013/01/14 v3.01 AMS symbols B
)
LaTeX Font Info:    Try loading font information for U+wasy on input line 64.

(C:\Users\sharo\AppData\Roaming\MiKTeX\2.9\tex\latex\wasysym\uwasy.fd
File: uwasy.fd 2003/10/30 v2.0 Wasy-2 symbol font definitions
)
Overfull \vbox (1.0pt too high) detected at line 64
 []

File: Feathergraphics/2.pdf Graphic file (type pdf)
<use Feathergraphics/2.pdf>
Package pdftex.def Info: Feathergraphics/2.pdf  used on input line 64.
(pdftex.def)             Requested size: 37.40611pt x 34.74406pt.
Missing character: There is no ; in font nullfont!
[1{C:/Users/sharo/AppData/Local/MiKTeX/2.9/pdftex/config/pdftex.map}

 <./Feathergraphics/2.pdf>]
<need2know.jpg, id=48, 192.72pt x 60.225pt>
File: need2know.jpg Graphic file (type jpg)
<use need2know.jpg>
Package pdftex.def Info: need2know.jpg  used on input line 92.
(pdftex.def)             Requested size: 159.33604pt x 49.7919pt.
File: Feathergraphics/2.pdf Graphic file (type pdf)
<use Feathergraphics/2.pdf>
Package pdftex.def Info: Feathergraphics/2.pdf  used on input line 92.
(pdftex.def)             Requested size: 37.40611pt x 34.74406pt.
Missing character: There is no ; in font nullfont!
 [2

 <./need2know.jpg>]
<welham.jpg, id=57, 85.7604pt x 121.1727pt>
File: welham.jpg Graphic file (type jpg)
<use welham.jpg>
Package pdftex.def Info: welham.jpg  used on input line 102.
(pdftex.def)             Requested size: 119.50279pt x 168.8511pt.
File: Feathergraphics/2.pdf Graphic file (type pdf)
<use Feathergraphics/2.pdf>
Package pdftex.def Info: Feathergraphics/2.pdf  used on input line 102.
(pdftex.def)             Requested size: 37.40611pt x 34.74406pt.
Missing character: There is no ; in font nullfont!
 [3

 <./welham.jpg>]
File: Feathergraphics/2.pdf Graphic file (type pdf)
<use Feathergraphics/2.pdf>
Package pdftex.def Info: Feathergraphics/2.pdf  used on input line 126.
(pdftex.def)             Requested size: 37.40611pt x 34.74406pt.
Missing character: There is no ; in font nullfont!
 [4

]
<cyclical.jpg, id=72, 341.02406pt x 243.91125pt>
File: cyclical.jpg Graphic file (type jpg)
<use cyclical.jpg>
Package pdftex.def Info: cyclical.jpg  used on input line 141.
(pdftex.def)             Requested size: 119.50279pt x 85.47069pt.
File: Feathergraphics/2.pdf Graphic file (type pdf)
<use Feathergraphics/2.pdf>
Package pdftex.def Info: Feathergraphics/2.pdf  used on input line 141.
(pdftex.def)             Requested size: 37.40611pt x 34.74406pt.
Missing character: There is no ; in font nullfont!
 [5

 <./cyclical.jpg>]
File: Feathergraphics/2.pdf Graphic file (type pdf)
<use Feathergraphics/2.pdf>
Package pdftex.def Info: Feathergraphics/2.pdf  used on input line 157.
(pdftex.def)             Requested size: 37.40611pt x 34.74406pt.
Missing character: There is no ; in font nullfont!
 [6

]
<LMFlowChart.jpg, id=87, 1843.8486pt x 1363.2531pt>
File: LMFlowChart.jpg Graphic file (type jpg)
<use LMFlowChart.jpg>
Package pdftex.def Info: LMFlowChart.jpg  used on input line 166.
(pdftex.def)             Requested size: 278.83578pt x 206.14326pt.

Overfull \vbox (5.38066pt too high) detected at line 166
 []

File: Feathergraphics/2.pdf Graphic file (type pdf)
<use Feathergraphics/2.pdf>
Package pdftex.def Info: Feathergraphics/2.pdf  used on input line 166.
(pdftex.def)             Requested size: 37.40611pt x 34.74406pt.
Missing character: There is no ; in font nullfont!
[7

 <./LMFlowChart.jpg>]
<datatypes.png, id=96, 841.2228pt x 577.1964pt>
File: datatypes.png Graphic file (type png)
<use datatypes.png>
Package pdftex.def Info: datatypes.png  used on input line 174.
(pdftex.def)             Requested size: 338.59023pt x 232.31886pt.

Overfull \vbox (31.55626pt too high) detected at line 174
 []

File: Feathergraphics/2.pdf Graphic file (type pdf)
<use Feathergraphics/2.pdf>
Package pdftex.def Info: Feathergraphics/2.pdf  used on input line 174.
(pdftex.def)             Requested size: 37.40611pt x 34.74406pt.
Missing character: There is no ; in font nullfont!
[8

 <./datatypes.png>]
File: Feathergraphics/2.pdf Graphic file (type pdf)
<use Feathergraphics/2.pdf>
Package pdftex.def Info: Feathergraphics/2.pdf  used on input line 214.
(pdftex.def)             Requested size: 37.40611pt x 34.74406pt.
Missing character: There is no ; in font nullfont!
 [9

]

LaTeX Warning: Citation `r' undefined on input line 232.

File: Feathergraphics/2.pdf Graphic file (type pdf)
<use Feathergraphics/2.pdf>
Package pdftex.def Info: Feathergraphics/2.pdf  used on input line 232.
(pdftex.def)             Requested size: 37.40611pt x 34.74406pt.
Missing character: There is no ; in font nullfont!
[10

]
LaTeX Font Info:    Try loading font information for T1+cmtt on input line 249.

 ("C:\Program Files\MiKTeX 2.9\tex\latex\base\t1cmtt.fd"
File: t1cmtt.fd 2014/09/29 v2.5h Standard LaTeX font definitions
)
File: Feathergraphics/2.pdf Graphic file (type pdf)
<use Feathergraphics/2.pdf>
Package pdftex.def Info: Feathergraphics/2.pdf  used on input line 249.
(pdftex.def)             Requested size: 37.40611pt x 34.74406pt.
Missing character: There is no ; in font nullfont!
 [11

]
<CRDnullNormDensity.png, id=135, 284.5029pt x 170.5572pt>
File: CRDnullNormDensity.png Graphic file (type png)
<use CRDnullNormDensity.png>
Package pdftex.def Info: CRDnullNormDensity.png  used on input line 272.
(pdftex.def)             Requested size: 199.1693pt x 119.39963pt.
<CRDAlternativeNormDensity.png, id=136, 284.5029pt x 170.5572pt>
File: CRDAlternativeNormDensity.png Graphic file (type png)
<use CRDAlternativeNormDensity.png>
Package pdftex.def Info: CRDAlternativeNormDensity.png  used on input line 272.

(pdftex.def)             Requested size: 199.1693pt x 119.39963pt.
<yourturn.png, id=137, 313.6518pt x 66.12704pt>
File: yourturn.png Graphic file (type png)
<use yourturn.png>
Package pdftex.def Info: yourturn.png  used on input line 272.
(pdftex.def)             Requested size: 40.4842pt x 8.5359pt.
File: Feathergraphics/2.pdf Graphic file (type pdf)
<use Feathergraphics/2.pdf>
Package pdftex.def Info: Feathergraphics/2.pdf  used on input line 272.
(pdftex.def)             Requested size: 37.40611pt x 34.74406pt.
Missing character: There is no ; in font nullfont!
 [12

 <./CRDnullNormDensity.png> <./CRDAlternativeNormDensity.png> <./yourturn.png>]
\openout4 = `W2.beamer.vrb'.


(W2.beamer.vrb)
File: Feathergraphics/2.pdf Graphic file (type pdf)
<use Feathergraphics/2.pdf>
Package pdftex.def Info: Feathergraphics/2.pdf  used on input line 294.
(pdftex.def)             Requested size: 37.40611pt x 34.74406pt.
Missing character: There is no ; in font nullfont!
 [13

]
<crdbucket.png, id=157, 273.9033pt x 318.4698pt>
File: crdbucket.png Graphic file (type png)
<use crdbucket.png>
Package pdftex.def Info: crdbucket.png  used on input line 302.
(pdftex.def)             Requested size: 159.333pt x 185.26172pt.
File: Feathergraphics/2.pdf Graphic file (type pdf)
<use Feathergraphics/2.pdf>
Package pdftex.def Info: Feathergraphics/2.pdf  used on input line 302.
(pdftex.def)             Requested size: 37.40611pt x 34.74406pt.
Missing character: There is no ; in font nullfont!
 [14

 <./crdbucket.png>]
Overfull \vbox (20.55661pt too high) detected at line 333
 []

File: Feathergraphics/2.pdf Graphic file (type pdf)
<use Feathergraphics/2.pdf>
Package pdftex.def Info: Feathergraphics/2.pdf  used on input line 333.
(pdftex.def)             Requested size: 37.40611pt x 34.74406pt.
Missing character: There is no ; in font nullfont!
[15

]
<hypcrd_boxplot.pdf, id=172, 476.78125pt x 475.7775pt>
File: hypcrd_boxplot.pdf Graphic file (type pdf)
<use hypcrd_boxplot.pdf>
Package pdftex.def Info: hypcrd_boxplot.pdf  used on input line 343.
(pdftex.def)             Requested size: 199.1693pt x 198.75073pt.
File: Feathergraphics/2.pdf Graphic file (type pdf)
<use Feathergraphics/2.pdf>
Package pdftex.def Info: Feathergraphics/2.pdf  used on input line 343.
(pdftex.def)             Requested size: 37.40611pt x 34.74406pt.
Missing character: There is no ; in font nullfont!
 [16

 <./hypcrd_boxplot.pdf>]
<hypcrd_overallmean.pdf, id=185, 476.78125pt x 475.7775pt>
File: hypcrd_overallmean.pdf Graphic file (type pdf)
<use hypcrd_overallmean.pdf>
Package pdftex.def Info: hypcrd_overallmean.pdf  used on input line 351.
(pdftex.def)             Requested size: 199.1693pt x 198.75073pt.
File: Feathergraphics/2.pdf Graphic file (type pdf)
<use Feathergraphics/2.pdf>
Package pdftex.def Info: Feathergraphics/2.pdf  used on input line 351.
(pdftex.def)             Requested size: 37.40611pt x 34.74406pt.
Missing character: There is no ; in font nullfont!
 [17

 <./hypcrd_overallmean.pdf>]
<hypcrd_totss.pdf, id=199, 476.78125pt x 475.7775pt>
File: hypcrd_totss.pdf Graphic file (type pdf)
<use hypcrd_totss.pdf>
Package pdftex.def Info: hypcrd_totss.pdf  used on input line 359.
(pdftex.def)             Requested size: 199.1693pt x 198.75073pt.
File: Feathergraphics/2.pdf Graphic file (type pdf)
<use Feathergraphics/2.pdf>
Package pdftex.def Info: Feathergraphics/2.pdf  used on input line 359.
(pdftex.def)             Requested size: 37.40611pt x 34.74406pt.
Missing character: There is no ; in font nullfont!
 [18

 <./hypcrd_totss.pdf>]
<hypcrd_trtmean.pdf, id=213, 476.78125pt x 475.7775pt>
File: hypcrd_trtmean.pdf Graphic file (type pdf)
<use hypcrd_trtmean.pdf>
Package pdftex.def Info: hypcrd_trtmean.pdf  used on input line 368.
(pdftex.def)             Requested size: 199.1693pt x 198.75073pt.
File: Feathergraphics/2.pdf Graphic file (type pdf)
<use Feathergraphics/2.pdf>
Package pdftex.def Info: Feathergraphics/2.pdf  used on input line 368.
(pdftex.def)             Requested size: 37.40611pt x 34.74406pt.
Missing character: There is no ; in font nullfont!
 [19

 <./hypcrd_trtmean.pdf>]
<hypcrd_trtss.pdf, id=228, 476.78125pt x 475.7775pt>
File: hypcrd_trtss.pdf Graphic file (type pdf)
<use hypcrd_trtss.pdf>
Package pdftex.def Info: hypcrd_trtss.pdf  used on input line 376.
(pdftex.def)             Requested size: 199.1693pt x 198.75073pt.
File: Feathergraphics/2.pdf Graphic file (type pdf)
<use Feathergraphics/2.pdf>
Package pdftex.def Info: Feathergraphics/2.pdf  used on input line 376.
(pdftex.def)             Requested size: 37.40611pt x 34.74406pt.
Missing character: There is no ; in font nullfont!
 [20

 <./hypcrd_trtss.pdf>]
<effects.jpg, id=242, 297.11pt x 170.6375pt>
File: effects.jpg Graphic file (type jpg)
<use effects.jpg>
Package pdftex.def Info: effects.jpg  used on input line 392.
(pdftex.def)             Requested size: 159.333pt x 91.51277pt.
File: Feathergraphics/2.pdf Graphic file (type pdf)
<use Feathergraphics/2.pdf>
Package pdftex.def Info: Feathergraphics/2.pdf  used on input line 392.
(pdftex.def)             Requested size: 37.40611pt x 34.74406pt.
Missing character: There is no ; in font nullfont!
 [21

 <./effects.jpg>]
File: Feathergraphics/2.pdf Graphic file (type pdf)
<use Feathergraphics/2.pdf>
Package pdftex.def Info: Feathergraphics/2.pdf  used on input line 417.
(pdftex.def)             Requested size: 37.40611pt x 34.74406pt.
Missing character: There is no ; in font nullfont!
 [22

]
<compAcrd.png, id=260, 355.0866pt x 313.17pt>
File: compAcrd.png Graphic file (type png)
<use compAcrd.png>
Package pdftex.def Info: compAcrd.png  used on input line 426.
(pdftex.def)             Requested size: 251.04044pt x 221.39833pt.

Overfull \vbox (20.63573pt too high) detected at line 426
 []

File: Feathergraphics/2.pdf Graphic file (type pdf)
<use Feathergraphics/2.pdf>
Package pdftex.def Info: Feathergraphics/2.pdf  used on input line 426.
(pdftex.def)             Requested size: 37.40611pt x 34.74406pt.
Missing character: There is no ; in font nullfont!
[23

 <./compAcrd.png>]
<glasshouse.png, id=268, 264.99pt x 197.98969pt>
File: glasshouse.png Graphic file (type png)
<use glasshouse.png>
Package pdftex.def Info: glasshouse.png  used on input line 446.
(pdftex.def)             Requested size: 197.55324pt x 147.60138pt.

Overfull \vbox (71.41005pt too high) detected at line 446
 []

File: Feathergraphics/2.pdf Graphic file (type pdf)
<use Feathergraphics/2.pdf>
Package pdftex.def Info: Feathergraphics/2.pdf  used on input line 446.
(pdftex.def)             Requested size: 37.40611pt x 34.74406pt.
Missing character: There is no ; in font nullfont!
[24

 <./glasshouse.png>]
<exptlayout.png, id=277, 1278.7775pt x 1143.27126pt>
File: exptlayout.png Graphic file (type png)
<use exptlayout.png>
Package pdftex.def Info: exptlayout.png  used on input line 458.
(pdftex.def)             Requested size: 192.60835pt x 172.19911pt.
File: yourturn.png Graphic file (type png)
<use yourturn.png>
Package pdftex.def Info: yourturn.png  used on input line 458.
(pdftex.def)             Requested size: 40.4842pt x 8.5359pt.
File: Feathergraphics/2.pdf Graphic file (type pdf)
<use Feathergraphics/2.pdf>
Package pdftex.def Info: Feathergraphics/2.pdf  used on input line 458.
(pdftex.def)             Requested size: 37.40611pt x 34.74406pt.
Missing character: There is no ; in font nullfont!
 [25

 <./exptlayout.png>]
File: Feathergraphics/2.pdf Graphic file (type pdf)
<use Feathergraphics/2.pdf>
Package pdftex.def Info: Feathergraphics/2.pdf  used on input line 478.
(pdftex.def)             Requested size: 37.40611pt x 34.74406pt.
Missing character: There is no ; in font nullfont!
 [26

]
File: yourturn.png Graphic file (type png)
<use yourturn.png>
Package pdftex.def Info: yourturn.png  used on input line 496.
(pdftex.def)             Requested size: 40.4842pt x 8.5359pt.
File: Feathergraphics/2.pdf Graphic file (type pdf)
<use Feathergraphics/2.pdf>
Package pdftex.def Info: Feathergraphics/2.pdf  used on input line 496.
(pdftex.def)             Requested size: 37.40611pt x 34.74406pt.
Missing character: There is no ; in font nullfont!
 [27

]
<example1_boxplot.pdf, id=300, 476.78125pt x 475.7775pt>
File: example1_boxplot.pdf Graphic file (type pdf)
<use example1_boxplot.pdf>
Package pdftex.def Info: example1_boxplot.pdf  used on input line 505.
(pdftex.def)             Requested size: 199.1693pt x 198.75073pt.
File: Feathergraphics/2.pdf Graphic file (type pdf)
<use Feathergraphics/2.pdf>
Package pdftex.def Info: Feathergraphics/2.pdf  used on input line 505.
(pdftex.def)             Requested size: 37.40611pt x 34.74406pt.
Missing character: There is no ; in font nullfont!
 [28

 <./example1_boxplot.pdf>]
File: Feathergraphics/2.pdf Graphic file (type pdf)
<use Feathergraphics/2.pdf>
Package pdftex.def Info: Feathergraphics/2.pdf  used on input line 529.
(pdftex.def)             Requested size: 37.40611pt x 34.74406pt.
Missing character: There is no ; in font nullfont!
 [29

]
File: Feathergraphics/2.pdf Graphic file (type pdf)
<use Feathergraphics/2.pdf>
Package pdftex.def Info: Feathergraphics/2.pdf  used on input line 558.
(pdftex.def)             Requested size: 37.40611pt x 34.74406pt.
Missing character: There is no ; in font nullfont!
 [30

]
File: Feathergraphics/2.pdf Graphic file (type pdf)
<use Feathergraphics/2.pdf>
Package pdftex.def Info: Feathergraphics/2.pdf  used on input line 579.
(pdftex.def)             Requested size: 37.40611pt x 34.74406pt.
Missing character: There is no ; in font nullfont!
 [31

]
File: Feathergraphics/2.pdf Graphic file (type pdf)
<use Feathergraphics/2.pdf>
Package pdftex.def Info: Feathergraphics/2.pdf  used on input line 592.
(pdftex.def)             Requested size: 37.40611pt x 34.74406pt.
Missing character: There is no ; in font nullfont!
 [32

]
<GoodResplot.pdf, id=343, 433.62pt x 433.62pt>
File: GoodResplot.pdf Graphic file (type pdf)
<use GoodResplot.pdf>
Package pdftex.def Info: GoodResplot.pdf  used on input line 600.
(pdftex.def)             Requested size: 199.1693pt x 199.16988pt.
File: Feathergraphics/2.pdf Graphic file (type pdf)
<use Feathergraphics/2.pdf>
Package pdftex.def Info: Feathergraphics/2.pdf  used on input line 600.
(pdftex.def)             Requested size: 37.40611pt x 34.74406pt.
Missing character: There is no ; in font nullfont!
 [33

 <./GoodResplot.pdf>]
<OKResplot.pdf, id=358, 433.62pt x 433.62pt>
File: OKResplot.pdf Graphic file (type pdf)
<use OKResplot.pdf>
Package pdftex.def Info: OKResplot.pdf  used on input line 607.
(pdftex.def)             Requested size: 199.1693pt x 199.16988pt.
File: Feathergraphics/2.pdf Graphic file (type pdf)
<use Feathergraphics/2.pdf>
Package pdftex.def Info: Feathergraphics/2.pdf  used on input line 607.
(pdftex.def)             Requested size: 37.40611pt x 34.74406pt.
Missing character: There is no ; in font nullfont!
 [34

 <./OKResplot.pdf>]
<BadResplot.pdf, id=373, 433.62pt x 433.62pt>
File: BadResplot.pdf Graphic file (type pdf)
<use BadResplot.pdf>
Package pdftex.def Info: BadResplot.pdf  used on input line 614.
(pdftex.def)             Requested size: 199.1693pt x 199.16988pt.
File: Feathergraphics/2.pdf Graphic file (type pdf)
<use Feathergraphics/2.pdf>
Package pdftex.def Info: Feathergraphics/2.pdf  used on input line 614.
(pdftex.def)             Requested size: 37.40611pt x 34.74406pt.
Missing character: There is no ; in font nullfont!

[35

 <./BadResplot.pdf>]
<HeterogenietyResplot.pdf, id=388, 476.78125pt x 475.7775pt>
File: HeterogenietyResplot.pdf Graphic file (type pdf)
<use HeterogenietyResplot.pdf>
Package pdftex.def Info: HeterogenietyResplot.pdf  used on input line 621.
(pdftex.def)             Requested size: 199.1693pt x 198.75073pt.
File: Feathergraphics/2.pdf Graphic file (type pdf)
<use Feathergraphics/2.pdf>
Package pdftex.def Info: Feathergraphics/2.pdf  used on input line 621.
(pdftex.def)             Requested size: 37.40611pt x 34.74406pt.
Missing character: There is no ; in font nullfont!
 [36

 <./HeterogenietyResplot.pdf>]

LaTeX Warning: Citation `r' undefined on input line 637.

File: yourturn.png Graphic file (type png)
<use yourturn.png>
Package pdftex.def Info: yourturn.png  used on input line 637.
(pdftex.def)             Requested size: 40.4842pt x 8.5359pt.
File: Feathergraphics/2.pdf Graphic file (type pdf)
<use Feathergraphics/2.pdf>
Package pdftex.def Info: Feathergraphics/2.pdf  used on input line 637.
(pdftex.def)             Requested size: 37.40611pt x 34.74406pt.
Missing character: There is no ; in font nullfont!
[37

]
File: Feathergraphics/2.pdf Graphic file (type pdf)
<use Feathergraphics/2.pdf>
Package pdftex.def Info: Feathergraphics/2.pdf  used on input line 651.
(pdftex.def)             Requested size: 37.40611pt x 34.74406pt.
Missing character: There is no ; in font nullfont!
 [38

]
File: Feathergraphics/2.pdf Graphic file (type pdf)
<use Feathergraphics/2.pdf>
Package pdftex.def Info: Feathergraphics/2.pdf  used on input line 666.
(pdftex.def)             Requested size: 37.40611pt x 34.74406pt.
Missing character: There is no ; in font nullfont!
 [39

]
<scinot.jpg, id=425, 427.5975pt x 355.3275pt>
File: scinot.jpg Graphic file (type jpg)
<use scinot.jpg>
Package pdftex.def Info: scinot.jpg  used on input line 681.
(pdftex.def)             Requested size: 102.71683pt x 85.35826pt.
File: Feathergraphics/2.pdf Graphic file (type pdf)
<use Feathergraphics/2.pdf>
Package pdftex.def Info: Feathergraphics/2.pdf  used on input line 681.
(pdftex.def)             Requested size: 37.40611pt x 34.74406pt.
Missing character: There is no ; in font nullfont!
 [40

 <./scinot.jpg>]
<crdwheat.jpg, id=434, 4169.42308pt x 2547.5175pt>
File: crdwheat.jpg Graphic file (type jpg)
<use crdwheat.jpg>
Package pdftex.def Info: crdwheat.jpg  used on input line 700.
(pdftex.def)             Requested size: 232.78629pt x 142.26378pt.
File: yourturn.png Graphic file (type png)
<use yourturn.png>
Package pdftex.def Info: yourturn.png  used on input line 700.
(pdftex.def)             Requested size: 40.4842pt x 8.5359pt.

Overfull \vbox (48.57063pt too high) detected at line 700
 []

File: Feathergraphics/2.pdf Graphic file (type pdf)
<use Feathergraphics/2.pdf>
Package pdftex.def Info: Feathergraphics/2.pdf  used on input line 700.
(pdftex.def)             Requested size: 37.40611pt x 34.74406pt.
Missing character: There is no ; in font nullfont!
[41

 <./crdwheat.jpg>]
File: Feathergraphics/2.pdf Graphic file (type pdf)
<use Feathergraphics/2.pdf>
Package pdftex.def Info: Feathergraphics/2.pdf  used on input line 713.
(pdftex.def)             Requested size: 37.40611pt x 34.74406pt.
Missing character: There is no ; in font nullfont!
 [42

]
File: yourturn.png Graphic file (type png)
<use yourturn.png>
Package pdftex.def Info: yourturn.png  used on input line 733.
(pdftex.def)             Requested size: 40.4842pt x 8.5359pt.
File: Feathergraphics/2.pdf Graphic file (type pdf)
<use Feathergraphics/2.pdf>
Package pdftex.def Info: Feathergraphics/2.pdf  used on input line 733.
(pdftex.def)             Requested size: 37.40611pt x 34.74406pt.
Missing character: There is no ; in font nullfont!
 [43

]
File: Feathergraphics/2.pdf Graphic file (type pdf)
<use Feathergraphics/2.pdf>
Package pdftex.def Info: Feathergraphics/2.pdf  used on input line 748.
(pdftex.def)             Requested size: 37.40611pt x 34.74406pt.
Missing character: There is no ; in font nullfont!
 [44

]
File: Feathergraphics/2.pdf Graphic file (type pdf)
<use Feathergraphics/2.pdf>
Package pdftex.def Info: Feathergraphics/2.pdf  used on input line 768.
(pdftex.def)             Requested size: 37.40611pt x 34.74406pt.
Missing character: There is no ; in font nullfont!
 [45

]
File: exptlayout.png Graphic file (type png)
<use exptlayout.png>
Package pdftex.def Info: exptlayout.png  used on input line 781.
(pdftex.def)             Requested size: 192.60835pt x 172.19911pt.
File: yourturn.png Graphic file (type png)
<use yourturn.png>
Package pdftex.def Info: yourturn.png  used on input line 781.
(pdftex.def)             Requested size: 40.4842pt x 8.5359pt.
File: Feathergraphics/2.pdf Graphic file (type pdf)
<use Feathergraphics/2.pdf>
Package pdftex.def Info: Feathergraphics/2.pdf  used on input line 781.
(pdftex.def)             Requested size: 37.40611pt x 34.74406pt.
Missing character: There is no ; in font nullfont!
 [46

]
File: Feathergraphics/2.pdf Graphic file (type pdf)
<use Feathergraphics/2.pdf>
Package pdftex.def Info: Feathergraphics/2.pdf  used on input line 792.
(pdftex.def)             Requested size: 37.40611pt x 34.74406pt.
Missing character: There is no ; in font nullfont!
 [47

]
File: Feathergraphics/2.pdf Graphic file (type pdf)
<use Feathergraphics/2.pdf>
Package pdftex.def Info: Feathergraphics/2.pdf  used on input line 809.
(pdftex.def)             Requested size: 37.40611pt x 34.74406pt.
Missing character: There is no ; in font nullfont!
 [48

]
\openout4 = `W2.beamer.vrb'.

 (W2.beamer.vrb)
Overfull \vbox (57.47023pt too high) detected at line 837
 []

File: Feathergraphics/2.pdf Graphic file (type pdf)
<use Feathergraphics/2.pdf>
Package pdftex.def Info: Feathergraphics/2.pdf  used on input line 837.
(pdftex.def)             Requested size: 37.40611pt x 34.74406pt.
Missing character: There is no ; in font nullfont!
[49

]
\openout4 = `W2.beamer.vrb'.

 (W2.beamer.vrb)
File: Feathergraphics/2.pdf Graphic file (type pdf)
<use Feathergraphics/2.pdf>
Package pdftex.def Info: Feathergraphics/2.pdf  used on input line 858.
(pdftex.def)             Requested size: 37.40611pt x 34.74406pt.
Missing character: There is no ; in font nullfont!
 [50

]
\openout4 = `W2.beamer.vrb'.

 (W2.beamer.vrb)
Overfull \vbox (0.63748pt too high) detected at line 883
 []

File: Feathergraphics/2.pdf Graphic file (type pdf)
<use Feathergraphics/2.pdf>
Package pdftex.def Info: Feathergraphics/2.pdf  used on input line 883.
(pdftex.def)             Requested size: 37.40611pt x 34.74406pt.
Missing character: There is no ; in font nullfont!
[51

]
<rcbdbucket.png, id=514, 192.72pt x 294.3798pt>
File: rcbdbucket.png Graphic file (type png)
<use rcbdbucket.png>
Package pdftex.def Info: rcbdbucket.png  used on input line 892.
(pdftex.def)             Requested size: 113.81102pt x 173.84427pt.
File: Feathergraphics/2.pdf Graphic file (type pdf)
<use Feathergraphics/2.pdf>
Package pdftex.def Info: Feathergraphics/2.pdf  used on input line 892.
(pdftex.def)             Requested size: 37.40611pt x 34.74406pt.
Missing character: There is no ; in font nullfont!
 [52

 <./rcbdbucket.png>]
File: Feathergraphics/2.pdf Graphic file (type pdf)
<use Feathergraphics/2.pdf>
Package pdftex.def Info: Feathergraphics/2.pdf  used on input line 917.
(pdftex.def)             Requested size: 37.40611pt x 34.74406pt.
Missing character: There is no ; in font nullfont!
 [53

]
File: Feathergraphics/2.pdf Graphic file (type pdf)
<use Feathergraphics/2.pdf>
Package pdftex.def Info: Feathergraphics/2.pdf  used on input line 937.
(pdftex.def)             Requested size: 37.40611pt x 34.74406pt.
Missing character: There is no ; in font nullfont!
 [54

]
<fpeas.jpg, id=543, 443.256pt x 147.9126pt>
File: fpeas.jpg Graphic file (type jpg)
<use fpeas.jpg>
Package pdftex.def Info: fpeas.jpg  used on input line 957.
(pdftex.def)             Requested size: 227.62204pt x 75.95578pt.
File: Feathergraphics/2.pdf Graphic file (type pdf)
<use Feathergraphics/2.pdf>
Package pdftex.def Info: Feathergraphics/2.pdf  used on input line 957.
(pdftex.def)             Requested size: 37.40611pt x 34.74406pt.
Missing character: There is no ; in font nullfont!
 [55

 <./fpeas.jpg>]
File: Feathergraphics/2.pdf Graphic file (type pdf)
<use Feathergraphics/2.pdf>
Package pdftex.def Info: Feathergraphics/2.pdf  used on input line 981.
(pdftex.def)             Requested size: 37.40611pt x 34.74406pt.
Missing character: There is no ; in font nullfont!
 [56

]
File: exptlayout.png Graphic file (type png)
<use exptlayout.png>
Package pdftex.def Info: exptlayout.png  used on input line 994.
(pdftex.def)             Requested size: 192.60835pt x 172.19911pt.
File: yourturn.png Graphic file (type png)
<use yourturn.png>
Package pdftex.def Info: yourturn.png  used on input line 994.
(pdftex.def)             Requested size: 40.4842pt x 8.5359pt.
File: Feathergraphics/2.pdf Graphic file (type pdf)
<use Feathergraphics/2.pdf>
Package pdftex.def Info: Feathergraphics/2.pdf  used on input line 994.
(pdftex.def)             Requested size: 37.40611pt x 34.74406pt.
Missing character: There is no ; in font nullfont!
 [57

]
File: Feathergraphics/2.pdf Graphic file (type pdf)
<use Feathergraphics/2.pdf>
Package pdftex.def Info: Feathergraphics/2.pdf  used on input line 1014.
(pdftex.def)             Requested size: 37.40611pt x 34.74406pt.
Missing character: There is no ; in font nullfont!
 [58

]
File: Feathergraphics/2.pdf Graphic file (type pdf)
<use Feathergraphics/2.pdf>
Package pdftex.def Info: Feathergraphics/2.pdf  used on input line 1028.
(pdftex.def)             Requested size: 37.40611pt x 34.74406pt.
Missing character: There is no ; in font nullfont!

[59

]
File: Feathergraphics/2.pdf Graphic file (type pdf)
<use Feathergraphics/2.pdf>
Package pdftex.def Info: Feathergraphics/2.pdf  used on input line 1049.
(pdftex.def)             Requested size: 37.40611pt x 34.74406pt.
Missing character: There is no ; in font nullfont!
 [60

]
File: Feathergraphics/2.pdf Graphic file (type pdf)
<use Feathergraphics/2.pdf>
Package pdftex.def Info: Feathergraphics/2.pdf  used on input line 1063.
(pdftex.def)             Requested size: 37.40611pt x 34.74406pt.
Missing character: There is no ; in font nullfont!
 [61

]
\openout4 = `W2.beamer.vrb'.

 (W2.beamer.vrb)
Overfull \vbox (0.63748pt too high) detected at line 1086
 []

File: Feathergraphics/2.pdf Graphic file (type pdf)
<use Feathergraphics/2.pdf>
Package pdftex.def Info: Feathergraphics/2.pdf  used on input line 1086.
(pdftex.def)             Requested size: 37.40611pt x 34.74406pt.
Missing character: There is no ; in font nullfont!
[62

]
\openout4 = `W2.beamer.vrb'.

 (W2.beamer.vrb)
File: Feathergraphics/2.pdf Graphic file (type pdf)
<use Feathergraphics/2.pdf>
Package pdftex.def Info: Feathergraphics/2.pdf  used on input line 1100.
(pdftex.def)             Requested size: 37.40611pt x 34.74406pt.
Missing character: There is no ; in font nullfont!
 [63

]
<LS.png, id=609, 434.62375pt x 265.99374pt>
File: LS.png Graphic file (type png)
<use LS.png>
Package pdftex.def Info: LS.png  used on input line 1116.
(pdftex.def)             Requested size: 113.81102pt x 69.6519pt.
File: Feathergraphics/2.pdf Graphic file (type pdf)
<use Feathergraphics/2.pdf>
Package pdftex.def Info: Feathergraphics/2.pdf  used on input line 1116.
(pdftex.def)             Requested size: 37.40611pt x 34.74406pt.
Missing character: There is no ; in font nullfont!
 [64

 <./LS.png>]
\openout4 = `W2.beamer.vrb'.

 (W2.beamer.vrb
Overfull \hbox (9.06741pt too wide) in paragraph at lines 5--6
[][][] 
 []


Overfull \hbox (9.06741pt too wide) in paragraph at lines 10--11
[][][] 
 []

)
File: Feathergraphics/2.pdf Graphic file (type pdf)
<use Feathergraphics/2.pdf>
Package pdftex.def Info: Feathergraphics/2.pdf  used on input line 1138.
(pdftex.def)             Requested size: 37.40611pt x 34.74406pt.
Missing character: There is no ; in font nullfont!
 [65

]
<lsbucket.png, id=625, 208.1376pt x 294.3798pt>
File: lsbucket.png Graphic file (type png)
<use lsbucket.png>
Package pdftex.def Info: lsbucket.png  used on input line 1149.
(pdftex.def)             Requested size: 113.81102pt x 160.97058pt.
File: Feathergraphics/2.pdf Graphic file (type pdf)
<use Feathergraphics/2.pdf>
Package pdftex.def Info: Feathergraphics/2.pdf  used on input line 1149.
(pdftex.def)             Requested size: 37.40611pt x 34.74406pt.
Missing character: There is no ; in font nullfont!
 [66

 <./lsbucket.png>]
File: Feathergraphics/2.pdf Graphic file (type pdf)
<use Feathergraphics/2.pdf>
Package pdftex.def Info: Feathergraphics/2.pdf  used on input line 1176.
(pdftex.def)             Requested size: 37.40611pt x 34.74406pt.
Missing character: There is no ; in font nullfont!
 [67

]
Overfull \vbox (7.03748pt too high) detected at line 1199
 []

File: Feathergraphics/2.pdf Graphic file (type pdf)
<use Feathergraphics/2.pdf>
Package pdftex.def Info: Feathergraphics/2.pdf  used on input line 1199.
(pdftex.def)             Requested size: 37.40611pt x 34.74406pt.
Missing character: There is no ; in font nullfont!
[68

]
<lupin.png, id=648, 168.3891pt x 52.0344pt>
File: lupin.png Graphic file (type png)
<use lupin.png>
Package pdftex.def Info: lupin.png  used on input line 1217.
(pdftex.def)             Requested size: 227.62204pt x 70.34341pt.
File: Feathergraphics/2.pdf Graphic file (type pdf)
<use Feathergraphics/2.pdf>
Package pdftex.def Info: Feathergraphics/2.pdf  used on input line 1217.
(pdftex.def)             Requested size: 37.40611pt x 34.74406pt.
Missing character: There is no ; in font nullfont!
 [69

 <./lupin.png>]
File: exptlayout.png Graphic file (type png)
<use exptlayout.png>
Package pdftex.def Info: exptlayout.png  used on input line 1229.
(pdftex.def)             Requested size: 192.60835pt x 172.19911pt.
File: yourturn.png Graphic file (type png)
<use yourturn.png>
Package pdftex.def Info: yourturn.png  used on input line 1229.
(pdftex.def)             Requested size: 40.4842pt x 8.5359pt.
File: Feathergraphics/2.pdf Graphic file (type pdf)
<use Feathergraphics/2.pdf>
Package pdftex.def Info: Feathergraphics/2.pdf  used on input line 1229.
(pdftex.def)             Requested size: 37.40611pt x 34.74406pt.
Missing character: There is no ; in font nullfont!
 [70

]
File: Feathergraphics/2.pdf Graphic file (type pdf)
<use Feathergraphics/2.pdf>
Package pdftex.def Info: Feathergraphics/2.pdf  used on input line 1243.
(pdftex.def)             Requested size: 37.40611pt x 34.74406pt.
Missing character: There is no ; in font nullfont!
 [71

]
File: Feathergraphics/2.pdf Graphic file (type pdf)
<use Feathergraphics/2.pdf>
Package pdftex.def Info: Feathergraphics/2.pdf  used on input line 1261.
(pdftex.def)             Requested size: 37.40611pt x 34.74406pt.
Missing character: There is no ; in font nullfont!
 [72

]
File: Feathergraphics/2.pdf Graphic file (type pdf)
<use Feathergraphics/2.pdf>
Package pdftex.def Info: Feathergraphics/2.pdf  used on input line 1278.
(pdftex.def)             Requested size: 37.40611pt x 34.74406pt.
Missing character: There is no ; in font nullfont!
 [73

]
\tf@nav=\write7
\openout7 = `W2.beamer.nav'.

\tf@toc=\write8
\openout8 = `W2.beamer.toc'.

\tf@snm=\write9
\openout9 = `W2.beamer.snm'.

Package atveryend Info: Empty hook `BeforeClearDocument' on input line 1280.
Package atveryend Info: Empty hook `AfterLastShipout' on input line 1280.
 (W2.beamer.aux)
Package atveryend Info: Executing hook `AtVeryEndDocument' on input line 1280.
Package atveryend Info: Executing hook `AtEndAfterFileList' on input line 1280.

Package rerunfilecheck Info: File `W2.beamer.out' has not changed.
(rerunfilecheck)             Checksum: 044C8479D5D6A0DB1C992FEF50A7B452;345.


LaTeX Warning: There were undefined references.

 ) ) 
Here is how much of TeX's memory you used:
 24293 strings out of 493312
 460503 string characters out of 3138899
 528731 words of memory out of 3000000
 27070 multiletter control sequences out of 15000+200000
 50624 words of font info for 80 fonts, out of 3000000 for 9000
 1141 hyphenation exceptions out of 8191
 65i,17n,68p,808b,962s stack positions out of 5000i,500n,10000p,200000b,50000s
pdfTeX warning (dest): name{cite.r} has been referenced but does not exist,
 replaced by a fixed one

 <C:\Users\sharo\AppData\Local\MiKTeX\2.9\fonts\pk\ljfour\jknappen\ec\dpi600\ec
ss1095.pk> <C:\Users\sharo\AppData\Local\MiKTeX\2.9\fonts\pk\ljfour\jknappen\ec
\dpi600\ectt1095.pk>{C:/Users/sharo/AppData/Roaming/MiKTeX/2.9/fonts/enc/dvips/
iwona/ec-iwona.enc}<C:/Program Files/MiKTeX 2.9/fonts/type1/public/amsfonts/cm/
cmex10.pfb><C:/Program Files/MiKTeX 2.9/fonts/type1/public/amsfonts/cmextra/cme
x9.pfb><C:/Program Files/MiKTeX 2.9/fonts/type1/public/amsfonts/cm/cmmi10.pfb><
C:/Program Files/MiKTeX 2.9/fonts/type1/public/amsfonts/cm/cmmi5.pfb><C:/Progra
m Files/MiKTeX 2.9/fonts/type1/public/amsfonts/cm/cmmi6.pfb><C:/Program Files/M
iKTeX 2.9/fonts/type1/public/amsfonts/cm/cmmi8.pfb><C:/Program Files/MiKTeX 2.9
/fonts/type1/public/amsfonts/cm/cmmi9.pfb><C:/Program Files/MiKTeX 2.9/fonts/ty
pe1/public/amsfonts/cm/cmr10.pfb><C:/Program Files/MiKTeX 2.9/fonts/type1/publi
c/amsfonts/cm/cmr6.pfb><C:/Program Files/MiKTeX 2.9/fonts/type1/public/amsfonts
/cm/cmr8.pfb><C:/Program Files/MiKTeX 2.9/fonts/type1/public/amsfonts/cm/cmr9.p
fb><C:/Program Files/MiKTeX 2.9/fonts/type1/public/amsfonts/cm/cmsy10.pfb><C:/P
rogram Files/MiKTeX 2.9/fonts/type1/public/amsfonts/cm/cmsy5.pfb><C:/Program Fi
les/MiKTeX 2.9/fonts/type1/public/amsfonts/cm/cmsy6.pfb><C:/Program Files/MiKTe
X 2.9/fonts/type1/public/amsfonts/cm/cmsy8.pfb><C:/Program Files/MiKTeX 2.9/fon
ts/type1/public/amsfonts/cm/cmsy9.pfb><C:/Users/sharo/AppData/Roaming/MiKTeX/2.
9/fonts/type1/nowacki/iwona/iwonal.pfb><C:/Users/sharo/AppData/Roaming/MiKTeX/2
.9/fonts/type1/nowacki/iwona/iwonam.pfb><C:/Program Files/MiKTeX 2.9/fonts/type
1/public/amsfonts/symbols/msam10.pfb>
Output written on W2.beamer.pdf (73 pages, 12610246 bytes).
PDF statistics:
 859 PDF objects out of 1000 (max. 8388607)
 153 named destinations out of 1000 (max. 500000)
 238 words of extra memory for PDF output out of 10000 (max. 10000000)

